nohup: ignoring input
[W 00:12:18.200 NotebookApp] Error loading server extension jupyter_nbextensions_configurator
    Traceback (most recent call last):
      File "/home/manish/anaconda3/envs/ztdl/lib/python3.7/site-packages/notebook/notebookapp.py", line 2027, in init_server_extensions
        mod = importlib.import_module(modulename)
      File "/home/manish/anaconda3/envs/ztdl/lib/python3.7/importlib/__init__.py", line 127, in import_module
        return _bootstrap._gcd_import(name[level:], package, level)
      File "<frozen importlib._bootstrap>", line 1006, in _gcd_import
      File "<frozen importlib._bootstrap>", line 983, in _find_and_load
      File "<frozen importlib._bootstrap>", line 965, in _find_and_load_unlocked
    ModuleNotFoundError: No module named 'jupyter_nbextensions_configurator'
[I 00:12:18.204 NotebookApp] Serving notebooks from local directory: /home/manish/git/zero_to_deep_learning_video
[I 00:12:18.204 NotebookApp] Jupyter Notebook 6.4.3 is running at:
[I 00:12:18.204 NotebookApp] http://localhost:8888/?token=8999fa1bd567ca09eeba2e344626f041e56392a57573c435
[I 00:12:18.204 NotebookApp]  or http://127.0.0.1:8888/?token=8999fa1bd567ca09eeba2e344626f041e56392a57573c435
[I 00:12:18.204 NotebookApp] Use Control-C to stop this server and shut down all kernels (twice to skip confirmation).
[C 00:12:18.210 NotebookApp] 
    
    To access the notebook, open this file in a browser:
        file:///home/manish/.local/share/jupyter/runtime/nbserver-117-open.html
    Or copy and paste one of these URLs:
        http://localhost:8888/?token=8999fa1bd567ca09eeba2e344626f041e56392a57573c435
     or http://127.0.0.1:8888/?token=8999fa1bd567ca09eeba2e344626f041e56392a57573c435
/home/manish/anaconda3/envs/ztdl/lib/python3.7/json/encoder.py:257: UserWarning: date_default is deprecated since jupyter_client 7.0.0. Use jupyter_client.jsonutil.json_default.
  return _iterencode(o, 0)
[W 00:12:31.482 NotebookApp] 404 GET /nbextensions/nbextensions_configurator/tree_tab/main.js?v=20220116001217 (127.0.0.1) 23.390000ms referer=http://localhost:8888/tree/solutions
[W 14:54:35.548 NotebookApp] Notebook course/8 Recurrent Neural Networks.ipynb is not trusted
[W 14:54:35.600 NotebookApp] 404 GET /nbextensions/nbextensions_configurator/config_menu/main.js?v=20220116001217 (127.0.0.1) 3.550000ms referer=http://localhost:8888/notebooks/course/8%20Recurrent%20Neural%20Networks.ipynb
ERROR:asyncio:Exception in callback <TaskWakeupMethWrapper object at 0x7fb20bbafd10>(<Future finis...5b9"\r\n\r\n'>)
handle: <Handle <TaskWakeupMethWrapper object at 0x7fb20bbafd10>(<Future finis...5b9"\r\n\r\n'>)>
Traceback (most recent call last):
  File "/home/manish/anaconda3/envs/ztdl/lib/python3.7/asyncio/events.py", line 88, in _run
    self._context.run(self._callback, *self._args)
RuntimeError: Cannot enter into task <Task pending coro=<HTTP1ServerConnection._server_request_loop() running at /home/manish/anaconda3/envs/ztdl/lib/python3.7/site-packages/tornado/http1connection.py:823> wait_for=<Future finished result=b'GET /api/co...d5b9"\r\n\r\n'> cb=[IOLoop.add_future.<locals>.<lambda>() at /home/manish/anaconda3/envs/ztdl/lib/python3.7/site-packages/tornado/ioloop.py:688]> while another task <Task pending coro=<KernelManager._async_start_kernel() running at /home/manish/anaconda3/envs/ztdl/lib/python3.7/site-packages/jupyter_client/manager.py:335>> is being executed.
[I 14:54:37.108 NotebookApp] Kernel started: 467b4ea9-5edc-40c7-87cb-3042dfdc0054, name: python3
[W 14:54:37.363 NotebookApp] 404 GET /nbextensions/widgets/notebook/js/extension.js?v=20220116001217 (127.0.0.1) 4.360000ms referer=http://localhost:8888/notebooks/course/8%20Recurrent%20Neural%20Networks.ipynb
/home/manish/anaconda3/envs/ztdl/lib/python3.7/json/encoder.py:257: UserWarning: date_default is deprecated since jupyter_client 7.0.0. Use jupyter_client.jsonutil.json_default.
  return _iterencode(o, 0)
[W 14:54:43.942 NotebookApp] 404 GET /nbextensions/nbextensions_configurator/config_menu/main.js?v=20220116001217 (127.0.0.1) 3.790000ms referer=http://localhost:8888/notebooks/course/6%20Convolutional%20Neural%20Networks.ipynb
[I 14:54:47.353 NotebookApp] Kernel started: 15e13131-14d5-4452-9ae3-fb8de6e78b1c, name: python3
[W 14:54:48.151 NotebookApp] 404 GET /nbextensions/widgets/notebook/js/extension.js?v=20220116001217 (127.0.0.1) 2.370000ms referer=http://localhost:8888/notebooks/course/6%20Convolutional%20Neural%20Networks.ipynb
[I 14:55:04.042 NotebookApp] Starting buffering for 15e13131-14d5-4452-9ae3-fb8de6e78b1c:d2065500bf754acd9cc5fb26134d8928
[I 14:55:15.609 NotebookApp] Kernel shutdown: 15e13131-14d5-4452-9ae3-fb8de6e78b1c
[I 14:56:37.899 NotebookApp] Saving file at /course/8 Recurrent Neural Networks.ipynb
[W 15:29:08.056 NotebookApp] WebSocket ping timeout after 1709996 ms.
[I 15:29:08.535 NotebookApp] Starting buffering for 467b4ea9-5edc-40c7-87cb-3042dfdc0054:f77f77ad1e7e411c863a3c813682298b
[I 15:29:11.953 NotebookApp] Restoring connection for 467b4ea9-5edc-40c7-87cb-3042dfdc0054:f77f77ad1e7e411c863a3c813682298b
2022-01-17 15:29:43.391418: W tensorflow/stream_executor/platform/default/dso_loader.cc:64] Could not load dynamic library 'libcudart.so.11.0'; dlerror: libcudart.so.11.0: cannot open shared object file: No such file or directory
2022-01-17 15:29:43.391606: I tensorflow/stream_executor/cuda/cudart_stub.cc:29] Ignore above cudart dlerror if you do not have a GPU set up on your machine.
2022-01-17 15:29:51.923504: W tensorflow/stream_executor/platform/default/dso_loader.cc:64] Could not load dynamic library 'libcuda.so.1'; dlerror: libcuda.so.1: cannot open shared object file: No such file or directory
2022-01-17 15:29:51.923710: W tensorflow/stream_executor/cuda/cuda_driver.cc:326] failed call to cuInit: UNKNOWN ERROR (303)
2022-01-17 15:29:51.923796: I tensorflow/stream_executor/cuda/cuda_diagnostics.cc:156] kernel driver does not appear to be running on this host (Manish-S): /proc/driver/nvidia/version does not exist
2022-01-17 15:29:51.924701: I tensorflow/core/platform/cpu_feature_guard.cc:142] This TensorFlow binary is optimized with oneAPI Deep Neural Network Library (oneDNN) to use the following CPU instructions in performance-critical operations:  AVX2 FMA
To enable them in other operations, rebuild TensorFlow with the appropriate compiler flags.
2022-01-17 15:29:52.323900: I tensorflow/compiler/mlir/mlir_graph_optimization_pass.cc:176] None of the MLIR Optimization Passes are enabled (registered 2)
2022-01-17 15:29:52.331199: I tensorflow/core/platform/profile_utils/cpu_utils.cc:114] CPU Frequency: 1799995000 Hz
[W 15:30:29.209 NotebookApp] Notebook solutions/8 Recurrent Neural Networks Exercises Solutions.ipynb is not trusted
[W 15:30:29.246 NotebookApp] 404 GET /nbextensions/nbextensions_configurator/config_menu/main.js?v=20220116001217 (127.0.0.1) 5.290000ms referer=http://localhost:8888/notebooks/solutions/8%20Recurrent%20Neural%20Networks%20Exercises%20Solutions.ipynb
[I 15:30:30.000 NotebookApp] Kernel started: e8e26303-e6b1-4169-848b-d427218a6d4d, name: python3
[W 15:30:30.229 NotebookApp] 404 GET /nbextensions/widgets/notebook/js/extension.js?v=20220116001217 (127.0.0.1) 8.310000ms referer=http://localhost:8888/notebooks/solutions/8%20Recurrent%20Neural%20Networks%20Exercises%20Solutions.ipynb
[I 15:30:37.144 NotebookApp] Saving file at /course/8 Recurrent Neural Networks.ipynb
[I 15:32:30.739 NotebookApp] Saving file at /solutions/8 Recurrent Neural Networks Exercises Solutions.ipynb
[I 15:32:37.784 NotebookApp] Saving file at /course/8 Recurrent Neural Networks.ipynb
[I 15:34:05.290 NotebookApp] Saving file at /course/8 Recurrent Neural Networks.ipynb
[I 15:34:37.090 NotebookApp] Saving file at /course/8 Recurrent Neural Networks.ipynb
[I 15:35:26.270 NotebookApp] Saving file at /course/8 Recurrent Neural Networks.ipynb
[I 15:35:32.369 NotebookApp] Saving file at /course/8 Recurrent Neural Networks.ipynb
[I 15:35:48.376 NotebookApp] Kernel interrupted: 467b4ea9-5edc-40c7-87cb-3042dfdc0054
[I 15:35:51.549 NotebookApp] Saving file at /course/8 Recurrent Neural Networks.ipynb
[I 15:54:16.298 NotebookApp] Starting buffering for e8e26303-e6b1-4169-848b-d427218a6d4d:cd7a70ad60e54117a761d3a147c495c2
[I 15:54:17.715 NotebookApp] Starting buffering for 467b4ea9-5edc-40c7-87cb-3042dfdc0054:f77f77ad1e7e411c863a3c813682298b
[W 15:54:27.231 NotebookApp] Notebook course/9 Improving performance.ipynb is not trusted
[I 15:54:29.163 NotebookApp] Kernel started: 106a73aa-88b3-45df-bdbf-967a5dea147b, name: python3
[W 15:54:29.681 NotebookApp] 404 GET /nbextensions/nbextensions_configurator/config_menu/main.js?v=20220116001217 (127.0.0.1) 5.180000ms referer=http://localhost:8888/notebooks/course/9%20Improving%20performance.ipynb
[W 15:54:30.630 NotebookApp] 404 GET /nbextensions/widgets/notebook/js/extension.js?v=20220116001217 (127.0.0.1) 6.380000ms referer=http://localhost:8888/notebooks/course/9%20Improving%20performance.ipynb
[I 15:54:33.379 NotebookApp] Kernel shutdown: 467b4ea9-5edc-40c7-87cb-3042dfdc0054
[I 15:54:34.332 NotebookApp] Kernel shutdown: e8e26303-e6b1-4169-848b-d427218a6d4d
2022-01-17 15:54:56.227629: W tensorflow/stream_executor/platform/default/dso_loader.cc:64] Could not load dynamic library 'libcudart.so.11.0'; dlerror: libcudart.so.11.0: cannot open shared object file: No such file or directory
2022-01-17 15:54:56.227711: I tensorflow/stream_executor/cuda/cudart_stub.cc:29] Ignore above cudart dlerror if you do not have a GPU set up on your machine.
2022-01-17 15:55:00.084241: W tensorflow/stream_executor/platform/default/dso_loader.cc:64] Could not load dynamic library 'libcuda.so.1'; dlerror: libcuda.so.1: cannot open shared object file: No such file or directory
2022-01-17 15:55:00.084347: W tensorflow/stream_executor/cuda/cuda_driver.cc:326] failed call to cuInit: UNKNOWN ERROR (303)
2022-01-17 15:55:00.084394: I tensorflow/stream_executor/cuda/cuda_diagnostics.cc:156] kernel driver does not appear to be running on this host (Manish-S): /proc/driver/nvidia/version does not exist
2022-01-17 15:55:00.085299: I tensorflow/core/platform/cpu_feature_guard.cc:142] This TensorFlow binary is optimized with oneAPI Deep Neural Network Library (oneDNN) to use the following CPU instructions in performance-critical operations:  AVX2 FMA
To enable them in other operations, rebuild TensorFlow with the appropriate compiler flags.
2022-01-17 15:55:11.168953: I tensorflow/compiler/mlir/mlir_graph_optimization_pass.cc:176] None of the MLIR Optimization Passes are enabled (registered 2)
2022-01-17 15:55:11.170604: I tensorflow/core/platform/profile_utils/cpu_utils.cc:114] CPU Frequency: 1799995000 Hz
[I 15:56:29.176 NotebookApp] Saving file at /course/9 Improving performance.ipynb
[W 16:33:30.085 NotebookApp] WebSocket ping timeout after 929996 ms.
[I 16:33:30.564 NotebookApp] Starting buffering for 106a73aa-88b3-45df-bdbf-967a5dea147b:3b93ca93152c4b2e95ce9ef581452284
[I 16:33:33.959 NotebookApp] Restoring connection for 106a73aa-88b3-45df-bdbf-967a5dea147b:3b93ca93152c4b2e95ce9ef581452284
[I 18:48:29.751 NotebookApp] Saving file at /course/9 Improving performance.ipynb
[I 18:50:29.233 NotebookApp] Saving file at /course/9 Improving performance.ipynb
[I 18:52:29.222 NotebookApp] Saving file at /course/9 Improving performance.ipynb
[I 18:56:29.231 NotebookApp] Saving file at /course/9 Improving performance.ipynb
[I 19:02:29.234 NotebookApp] Saving file at /course/9 Improving performance.ipynb
[I 19:06:29.276 NotebookApp] Saving file at /course/9 Improving performance.ipynb
[I 19:13:10.993 NotebookApp] Saving file at /course/9 Improving performance.ipynb
[I 10:16:11.127 NotebookApp] Saving file at /course/9 Improving performance.ipynb
[I 10:18:11.290 NotebookApp] Saving file at /course/9 Improving performance.ipynb
[I 10:20:11.039 NotebookApp] Saving file at /course/9 Improving performance.ipynb
[W 10:21:45.423 NotebookApp] Notebook solutions/9 Improving performance Exercises Solutions.ipynb is not trusted
[W 10:21:45.572 NotebookApp] 404 GET /nbextensions/nbextensions_configurator/config_menu/main.js?v=20220116001217 (127.0.0.1) 26.030000ms referer=http://localhost:8888/notebooks/solutions/9%20Improving%20performance%20Exercises%20Solutions.ipynb
[W 10:21:47.301 NotebookApp] 404 GET /nbextensions/widgets/notebook/js/extension.js?v=20220116001217 (127.0.0.1) 21.600000ms referer=http://localhost:8888/notebooks/solutions/9%20Improving%20performance%20Exercises%20Solutions.ipynb
[I 10:21:47.331 NotebookApp] Kernel started: 2582f915-edc6-4281-a08f-2db56f742ef9, name: python3
[I 10:22:11.495 NotebookApp] Saving file at /course/9 Improving performance.ipynb
[I 10:23:47.128 NotebookApp] Saving file at /solutions/9 Improving performance Exercises Solutions.ipynb
[I 10:24:10.751 NotebookApp] Saving file at /course/9 Improving performance.ipynb
[I 10:26:10.742 NotebookApp] Saving file at /course/9 Improving performance.ipynb
[I 10:28:11.008 NotebookApp] Saving file at /course/9 Improving performance.ipynb
[I 10:30:10.988 NotebookApp] Saving file at /course/9 Improving performance.ipynb
[I 10:32:10.648 NotebookApp] Saving file at /course/9 Improving performance.ipynb
[I 10:34:11.030 NotebookApp] Saving file at /course/9 Improving performance.ipynb
[I 10:36:11.584 NotebookApp] Saving file at /course/9 Improving performance.ipynb
[I 10:38:11.046 NotebookApp] Saving file at /course/9 Improving performance.ipynb
[I 10:40:11.044 NotebookApp] Saving file at /course/9 Improving performance.ipynb
[I 10:42:11.028 NotebookApp] Saving file at /course/9 Improving performance.ipynb
[I 10:44:11.037 NotebookApp] Saving file at /course/9 Improving performance.ipynb
[I 10:46:11.524 NotebookApp] Saving file at /course/9 Improving performance.ipynb
[I 10:48:10.753 NotebookApp] Saving file at /course/9 Improving performance.ipynb
[I 10:50:11.138 NotebookApp] Saving file at /course/9 Improving performance.ipynb
[I 10:52:11.298 NotebookApp] Saving file at /course/9 Improving performance.ipynb
[I 10:56:11.101 NotebookApp] Saving file at /course/9 Improving performance.ipynb
[I 10:58:11.159 NotebookApp] Saving file at /course/9 Improving performance.ipynb
[I 11:00:11.079 NotebookApp] Saving file at /course/9 Improving performance.ipynb
[I 11:02:11.125 NotebookApp] Saving file at /course/9 Improving performance.ipynb
[I 11:05:51.231 NotebookApp] Saving file at /course/9 Improving performance.ipynb
[I 11:05:55.014 NotebookApp] Starting buffering for 2582f915-edc6-4281-a08f-2db56f742ef9:d72be347f77f477091531400dd316ce8
[I 11:05:55.897 NotebookApp] Starting buffering for 106a73aa-88b3-45df-bdbf-967a5dea147b:3b93ca93152c4b2e95ce9ef581452284
[W 11:05:57.239 NotebookApp] 404 GET /nbextensions/nbextensions_configurator/tree_tab/main.js?v=20220116001217 (127.0.0.1) 12.400000ms referer=http://localhost:8888/tree/course
[W 11:05:57.277 NotebookApp] 404 GET /nbextensions/nbextensions_configurator/tree_tab/main.js?v=20220116001217 (127.0.0.1) 2.680000ms referer=http://localhost:8888/tree/solutions
[I 11:05:59.734 NotebookApp] Kernel shutdown: 106a73aa-88b3-45df-bdbf-967a5dea147b
[I 11:06:00.624 NotebookApp] Kernel shutdown: 2582f915-edc6-4281-a08f-2db56f742ef9
